2023-11-23T15:43:26.500176+00:00 INFO 'ansible_navigator.setup_logger' New ansible-navigator instance, logging initialized
2023-11-23T15:43:26.500403+00:00 INFO 'ansible_navigator.setup_logger' New ansible-runner instance, logging initialized
2023-11-23T15:43:26.500434+00:00 DEBUG 'ansible_navigator.main' Jinja2==3.1.2 
2023-11-23T15:43:26.500479+00:00 DEBUG 'ansible_navigator.main' MarkupSafe==2.1.0 
2023-11-23T15:43:26.500494+00:00 DEBUG 'ansible_navigator.main' PySocks==1.7.1 
2023-11-23T15:43:26.500505+00:00 DEBUG 'ansible_navigator.main' PyYAML==5.4.1 
2023-11-23T15:43:26.500516+00:00 DEBUG 'ansible_navigator.main' ansible-builder==3.0.0 
2023-11-23T15:43:26.500525+00:00 DEBUG 'ansible_navigator.main' ansible-core==2.15.6 
2023-11-23T15:43:26.500535+00:00 DEBUG 'ansible_navigator.main' ansible-navigator==3.4.1 
2023-11-23T15:43:26.500545+00:00 DEBUG 'ansible_navigator.main' ansible-runner==2.3.4 
2023-11-23T15:43:26.500554+00:00 DEBUG 'ansible_navigator.main' attrs==21.4.0 /usr/lib/python3.9/site-packages/attrs/__init__.py
2023-11-23T15:43:26.500564+00:00 DEBUG 'ansible_navigator.main' bindep==2.10.2 /usr/lib/python3.9/site-packages/bindep/__init__.py
2023-11-23T15:43:26.500574+00:00 DEBUG 'ansible_navigator.main' certifi==2022.12.7 /usr/lib/python3.9/site-packages/certifi/__init__.py
2023-11-23T15:43:26.500583+00:00 DEBUG 'ansible_navigator.main' cffi==1.15.0 /usr/lib64/python3.9/site-packages/cffi/__init__.py
2023-11-23T15:43:26.500592+00:00 DEBUG 'ansible_navigator.main' chardet==4.0.0 /usr/lib/python3.9/site-packages/chardet/__init__.py
2023-11-23T15:43:26.500602+00:00 DEBUG 'ansible_navigator.main' charset-normalizer==2.0.11 
2023-11-23T15:43:26.500611+00:00 DEBUG 'ansible_navigator.main' cockpit==300.1 /usr/lib/python3.9/site-packages/cockpit/__init__.py
2023-11-23T15:43:26.500634+00:00 DEBUG 'ansible_navigator.main' cryptography==38.0.4 /usr/lib64/python3.9/site-packages/cryptography/__init__.py
2023-11-23T15:43:26.500645+00:00 DEBUG 'ansible_navigator.main' dasbus==1.4 /usr/lib/python3.9/site-packages/dasbus/__init__.py
2023-11-23T15:43:26.500655+00:00 DEBUG 'ansible_navigator.main' dbus-python==1.2.18 
2023-11-23T15:43:26.500664+00:00 DEBUG 'ansible_navigator.main' decorator==4.4.2 /usr/lib/python3.9/site-packages/decorator.py
2023-11-23T15:43:26.500674+00:00 DEBUG 'ansible_navigator.main' distro==1.6.0 /usr/lib/python3.9/site-packages/distro.py
2023-11-23T15:43:26.500684+00:00 DEBUG 'ansible_navigator.main' dnspython==2.3.0 
2023-11-23T15:43:26.500693+00:00 DEBUG 'ansible_navigator.main' docutils==0.16 /usr/lib/python3.9/site-packages/docutils/__init__.py
2023-11-23T15:43:26.500701+00:00 DEBUG 'ansible_navigator.main' ethtool==0.15 /usr/lib64/python3.9/site-packages/ethtool.cpython-39-x86_64-linux-gnu.so
2023-11-23T15:43:26.500710+00:00 DEBUG 'ansible_navigator.main' file-magic==0.4.0 
2023-11-23T15:43:26.500719+00:00 DEBUG 'ansible_navigator.main' gssapi==1.6.9 /usr/lib64/python3.9/site-packages/gssapi/__init__.py
2023-11-23T15:43:26.500728+00:00 DEBUG 'ansible_navigator.main' idna==3.3 /usr/lib/python3.9/site-packages/idna/__init__.py
2023-11-23T15:43:26.500736+00:00 DEBUG 'ansible_navigator.main' importlib-metadata==4.10.1 
2023-11-23T15:43:26.500745+00:00 DEBUG 'ansible_navigator.main' importlib-resources==5.0.7 
2023-11-23T15:43:26.500754+00:00 DEBUG 'ansible_navigator.main' iniparse==0.4 /usr/lib/python3.9/site-packages/iniparse/__init__.py
2023-11-23T15:43:26.500763+00:00 DEBUG 'ansible_navigator.main' ipaclient==4.10.2 /usr/lib/python3.9/site-packages/ipaclient/__init__.py
2023-11-23T15:43:26.500771+00:00 DEBUG 'ansible_navigator.main' ipalib==4.10.2 /usr/lib/python3.9/site-packages/ipalib/__init__.py
2023-11-23T15:43:26.500780+00:00 DEBUG 'ansible_navigator.main' ipaplatform==4.10.2 /usr/lib/python3.9/site-packages/ipaplatform/__init__.py
2023-11-23T15:43:26.500788+00:00 DEBUG 'ansible_navigator.main' ipapython==4.10.2 /usr/lib/python3.9/site-packages/ipapython/__init__.py
2023-11-23T15:43:26.500797+00:00 DEBUG 'ansible_navigator.main' jsonschema==4.16.0 /usr/lib/python3.9/site-packages/jsonschema/__init__.py
2023-11-23T15:43:26.500812+00:00 DEBUG 'ansible_navigator.main' jwcrypto==0.8 /usr/lib/python3.9/site-packages/jwcrypto/__init__.py
2023-11-23T15:43:26.500820+00:00 DEBUG 'ansible_navigator.main' lockfile==0.12.2 /usr/lib/python3.9/site-packages/lockfile/__init__.py
2023-11-23T15:43:26.500829+00:00 DEBUG 'ansible_navigator.main' lxml==4.6.5 /usr/lib64/python3.9/site-packages/lxml/__init__.py
2023-11-23T15:43:26.500838+00:00 DEBUG 'ansible_navigator.main' netaddr==0.8.0 /usr/lib/python3.9/site-packages/netaddr/__init__.py
2023-11-23T15:43:26.500847+00:00 DEBUG 'ansible_navigator.main' netifaces==0.10.6 /usr/lib64/python3.9/site-packages/netifaces.cpython-39-x86_64-linux-gnu.so
2023-11-23T15:43:26.500855+00:00 DEBUG 'ansible_navigator.main' onigurumacffi==1.1.0 /usr/lib64/python3.9/site-packages/onigurumacffi.py
2023-11-23T15:43:26.500864+00:00 DEBUG 'ansible_navigator.main' packaging==21.3 /usr/lib/python3.9/site-packages/packaging/__init__.py
2023-11-23T15:43:26.500872+00:00 DEBUG 'ansible_navigator.main' pbr==5.8.1 /usr/lib/python3.9/site-packages/pbr/__init__.py
2023-11-23T15:43:26.500881+00:00 DEBUG 'ansible_navigator.main' perf==0.1 /usr/lib64/python3.9/site-packages/perf.cpython-39-x86_64-linux-gnu.so
2023-11-23T15:43:26.500890+00:00 DEBUG 'ansible_navigator.main' psutil==5.8.0 /usr/lib64/python3.9/site-packages/psutil/__init__.py
2023-11-23T15:43:26.500898+00:00 DEBUG 'ansible_navigator.main' pyasn1-modules==0.2.8 
2023-11-23T15:43:26.500907+00:00 DEBUG 'ansible_navigator.main' pyasn1==0.4.8 /usr/lib/python3.9/site-packages/pyasn1/__init__.py
2023-11-23T15:43:26.500916+00:00 DEBUG 'ansible_navigator.main' pycparser==2.21 /usr/lib/python3.9/site-packages/pycparser/__init__.py
2023-11-23T15:43:26.500924+00:00 DEBUG 'ansible_navigator.main' pyinotify==0.9.6 /usr/lib/python3.9/site-packages/pyinotify.py
2023-11-23T15:43:26.500932+00:00 DEBUG 'ansible_navigator.main' pyrsistent==0.17.3 /usr/lib64/python3.9/site-packages/pyrsistent/__init__.py
2023-11-23T15:43:26.500941+00:00 DEBUG 'ansible_navigator.main' python-daemon==2.3.0 
2023-11-23T15:43:26.500949+00:00 DEBUG 'ansible_navigator.main' python-dateutil==2.8.1 
2023-11-23T15:43:26.500958+00:00 DEBUG 'ansible_navigator.main' python-ldap==3.4.3 
2023-11-23T15:43:26.500967+00:00 DEBUG 'ansible_navigator.main' python-linux-procfs==0.7.0 
2023-11-23T15:43:26.500975+00:00 DEBUG 'ansible_navigator.main' python-yubico==1.3.3 
2023-11-23T15:43:26.500984+00:00 DEBUG 'ansible_navigator.main' pyudev==0.22.0 /usr/lib/python3.9/site-packages/pyudev/__init__.py
2023-11-23T15:43:26.500993+00:00 DEBUG 'ansible_navigator.main' pyusb==1.0.2 
2023-11-23T15:43:26.501001+00:00 DEBUG 'ansible_navigator.main' qrcode==6.1 /usr/lib/python3.9/site-packages/qrcode/__init__.py
2023-11-23T15:43:26.501009+00:00 DEBUG 'ansible_navigator.main' requests==2.31.0 /usr/lib/python3.9/site-packages/requests/__init__.py
2023-11-23T15:43:26.501018+00:00 DEBUG 'ansible_navigator.main' requirements-parser==0.2.0 
2023-11-23T15:43:26.501026+00:00 DEBUG 'ansible_navigator.main' resolvelib==0.5.4 /usr/lib/python3.9/site-packages/resolvelib/__init__.py
2023-11-23T15:43:26.501035+00:00 DEBUG 'ansible_navigator.main' selinux==3.5 /usr/lib64/python3.9/site-packages/selinux/__init__.py
2023-11-23T15:43:26.501044+00:00 DEBUG 'ansible_navigator.main' sepolicy==3.5 /usr/lib/python3.9/site-packages/sepolicy/__init__.py
2023-11-23T15:43:26.501052+00:00 DEBUG 'ansible_navigator.main' setools==4.4.3 /usr/lib64/python3.9/site-packages/setools/__init__.py
2023-11-23T15:43:26.501061+00:00 DEBUG 'ansible_navigator.main' setroubleshoot==3.3.32 /usr/lib/python3.9/site-packages/setroubleshoot/__init__.py
2023-11-23T15:43:26.501070+00:00 DEBUG 'ansible_navigator.main' setuptools==53.0.0 /usr/lib/python3.9/site-packages/setuptools/__init__.py
2023-11-23T15:43:26.501078+00:00 DEBUG 'ansible_navigator.main' six==1.16.0 /usr/lib/python3.9/site-packages/six.py
2023-11-23T15:43:26.501087+00:00 DEBUG 'ansible_navigator.main' sos==4.6.0 /usr/lib/python3.9/site-packages/sos/__init__.py
2023-11-23T15:43:26.501096+00:00 DEBUG 'ansible_navigator.main' subscription-manager==1.29.38 
2023-11-23T15:43:26.501105+00:00 DEBUG 'ansible_navigator.main' urllib3==1.26.18 /usr/lib/python3.9/site-packages/urllib3/__init__.py
2023-11-23T15:43:26.501114+00:00 DEBUG 'ansible_navigator.main' zipp==3.4.0 /usr/lib/python3.9/site-packages/zipp.py
2023-11-23T15:43:26.501123+00:00 DEBUG 'ansible_navigator.main' Default collection_doc_cache_path set to: /home/sysadmin/.cache/ansible-navigator/collection_doc_cache.db
2023-11-23T15:43:26.501132+00:00 DEBUG 'ansible_navigator.main' EDITOR environment variable not set
2023-11-23T15:43:26.501141+00:00 DEBUG 'ansible_navigator.main' Default editor_command set to: vi +{line_number} {filename}
2023-11-23T15:43:26.501149+00:00 DEBUG 'ansible_navigator.main' No config file set by ANSIBLE_NAVIGATOR_CONFIG
2023-11-23T15:43:26.501158+00:00 DEBUG 'ansible_navigator.main' Looking in /home/sysadmin
2023-11-23T15:43:26.501167+00:00 DEBUG 'ansible_navigator.main' Looking for '/home/sysadmin/.ansible-navigator.yml', '/home/sysadmin/.ansible-navigator.yaml' and '/home/sysadmin/.ansible-navigator.json'
2023-11-23T15:43:26.501176+00:00 DEBUG 'ansible_navigator.main' Found 0: 
2023-11-23T15:43:26.501185+00:00 DEBUG 'ansible_navigator.main' Looking in /home/sysadmin/git-repos/satellite/roles/satellite-server
2023-11-23T15:43:26.501194+00:00 DEBUG 'ansible_navigator.main' Looking for '/home/sysadmin/git-repos/satellite/roles/satellite-server/ansible-navigator.yml', '/home/sysadmin/git-repos/satellite/roles/satellite-server/ansible-navigator.yaml' and '/home/sysadmin/git-repos/satellite/roles/satellite-server/ansible-navigator.json'
2023-11-23T15:43:26.501210+00:00 DEBUG 'ansible_navigator.main' Found 0: 
2023-11-23T15:43:26.501220+00:00 DEBUG 'ansible_navigator.main' All found 0: 
2023-11-23T15:43:26.501229+00:00 DEBUG 'ansible_navigator.main' Using: None
2023-11-23T15:43:26.501239+00:00 DEBUG 'ansible_navigator.main' No valid settings file found, using all default values for settings.
2023-11-23T15:43:26.501249+00:00 DEBUG 'ansible_navigator.main' Command provided: 'lint roles/satellite-server/tasks/main.yml --eei aap-hub.baq.redhat.com/ee-supported-rhel8 -m stdout'
2023-11-23T15:43:26.501259+00:00 DEBUG 'ansible_navigator.main' EE support enabled: using current working directory for 'ansible.cfg'
2023-11-23T15:43:26.501268+00:00 INFO 'ansible_navigator.main' EE support enabled: no 'ansible.cfg' found in current working directory. Tried /home/sysadmin/git-repos/satellite/roles/satellite-server/ansible.cfg
2023-11-23T15:43:26.501278+00:00 DEBUG 'ansible_navigator.main' Completed post processing for ansible_runner_artifact_dir. (changed=False)
2023-11-23T15:43:26.501287+00:00 DEBUG 'ansible_navigator.main' Completed post processing for ansible_runner_rotate_artifacts_count. (changed=False)
2023-11-23T15:43:26.501296+00:00 DEBUG 'ansible_navigator.main' Completed post processing for ansible_runner_timeout. (changed=False)
2023-11-23T15:43:26.501306+00:00 DEBUG 'ansible_navigator.main' Completed post processing for cmdline. (changed=False)
2023-11-23T15:43:26.501315+00:00 DEBUG 'ansible_navigator.main' Completed post processing for collection_doc_cache_path. (changed=False)
2023-11-23T15:43:26.501325+00:00 DEBUG 'ansible_navigator.main' Completed post processing for container_engine. (changed=True)
2023-11-23T15:43:26.501334+00:00 DEBUG 'ansible_navigator.main'  before: 'auto'
2023-11-23T15:43:26.501343+00:00 DEBUG 'ansible_navigator.main'  after: 'podman'
2023-11-23T15:43:26.501354+00:00 DEBUG 'ansible_navigator.main' Completed post processing for container_options. (changed=False)
2023-11-23T15:43:26.501363+00:00 DEBUG 'ansible_navigator.main' Completed post processing for display_color. (changed=False)
2023-11-23T15:43:26.501372+00:00 DEBUG 'ansible_navigator.main' Completed post processing for enable_prompts. (changed=False)
2023-11-23T15:43:26.501380+00:00 DEBUG 'ansible_navigator.main' Completed post processing for execution_environment. (changed=False)
2023-11-23T15:43:26.501389+00:00 DEBUG 'ansible_navigator.main' Completed post processing for execution_environment_image. (changed=True)
2023-11-23T15:43:26.501398+00:00 DEBUG 'ansible_navigator.main'  before: 'aap-hub.baq.redhat.com/ee-supported-rhel8'
2023-11-23T15:43:26.501407+00:00 DEBUG 'ansible_navigator.main'  after: 'aap-hub.baq.redhat.com/ee-supported-rhel8:latest'
2023-11-23T15:43:26.501415+00:00 DEBUG 'ansible_navigator.main' Completed post processing for help_builder. (changed=False)
2023-11-23T15:43:26.501424+00:00 DEBUG 'ansible_navigator.main' Completed post processing for help_config. (changed=False)
2023-11-23T15:43:26.501432+00:00 DEBUG 'ansible_navigator.main' Completed post processing for help_doc. (changed=False)
2023-11-23T15:43:26.501513+00:00 DEBUG 'ansible_navigator.main' Completed post processing for help_inventory. (changed=False)
2023-11-23T15:43:26.501523+00:00 DEBUG 'ansible_navigator.main' Completed post processing for help_playbook. (changed=False)
2023-11-23T15:43:26.501531+00:00 DEBUG 'ansible_navigator.main' Completed post processing for images_details. (changed=False)
2023-11-23T15:43:26.501540+00:00 DEBUG 'ansible_navigator.main' Completed post processing for inventory. (changed=False)
2023-11-23T15:43:26.501549+00:00 DEBUG 'ansible_navigator.main' Completed post processing for inventory_column. (changed=False)
2023-11-23T15:43:26.501557+00:00 DEBUG 'ansible_navigator.main' Completed post processing for log_file. (changed=False)
2023-11-23T15:43:26.501565+00:00 DEBUG 'ansible_navigator.main' Completed post processing for pass_environment_variable. (changed=False)
2023-11-23T15:43:26.501574+00:00 DEBUG 'ansible_navigator.main' Completed post processing for playbook. (changed=False)
2023-11-23T15:43:26.501583+00:00 DEBUG 'ansible_navigator.main' Completed post processing for playbook_artifact_replay. (changed=False)
2023-11-23T15:43:26.501591+00:00 DEBUG 'ansible_navigator.main' Completed post processing for playbook_artifact_save_as. (changed=False)
2023-11-23T15:43:26.501600+00:00 DEBUG 'ansible_navigator.main' Completed post processing for plugin_name. (changed=False)
2023-11-23T15:43:26.501608+00:00 DEBUG 'ansible_navigator.main' Completed post processing for pull_arguments. (changed=False)
2023-11-23T15:43:26.501623+00:00 DEBUG 'ansible_navigator.main' Completed post processing for set_environment_variable. (changed=False)
2023-11-23T15:43:26.501636+00:00 DEBUG 'ansible_navigator.main' Completed post processing for settings_effective. (changed=False)
2023-11-23T15:43:26.501645+00:00 DEBUG 'ansible_navigator.main' Completed post processing for settings_sample. (changed=False)
2023-11-23T15:43:26.501654+00:00 DEBUG 'ansible_navigator.main' Completed post processing for settings_schema. (changed=False)
2023-11-23T15:43:26.501662+00:00 DEBUG 'ansible_navigator.main' Completed post processing for settings_sources. (changed=False)
2023-11-23T15:43:26.501670+00:00 DEBUG 'ansible_navigator.main' Completed post processing for time_zone. (changed=False)
2023-11-23T15:43:26.501679+00:00 DEBUG 'ansible_navigator.main' Completed post processing for execution_environment_volume_mounts. (changed=False)
2023-11-23T15:43:26.501688+00:00 DEBUG 'ansible_navigator.main' Completed post processing for mode. (changed=False)
2023-11-23T15:43:26.501696+00:00 DEBUG 'ansible_navigator.main' Completed post processing for playbook_artifact_enable. (changed=False)
2023-11-23T15:43:26.501708+00:00 WARNING 'ansible_navigator.main' Configuration errors encountered, rolling back to previous configuration.
2023-11-23T15:43:26.501717+00:00 DEBUG 'ansible_navigator.main' Prior to rollback: ansible_runner_artifact_dir = 'Not set' (Constants/Not set)
2023-11-23T15:43:26.501726+00:00 DEBUG 'ansible_navigator.main' Prior to rollback: ansible_runner_rotate_artifacts_count = 'Not set' (Constants/Not set)
2023-11-23T15:43:26.501734+00:00 DEBUG 'ansible_navigator.main' Prior to rollback: ansible_runner_timeout = 'Not set' (Constants/Not set)
2023-11-23T15:43:26.501743+00:00 DEBUG 'ansible_navigator.main' Prior to rollback: ansible_runner_write_job_events = 'False' (bool/Defaults)
2023-11-23T15:43:26.501752+00:00 DEBUG 'ansible_navigator.main' Prior to rollback: app = 'lint' (str/Command line)
2023-11-23T15:43:26.501761+00:00 DEBUG 'ansible_navigator.main' Prior to rollback: cmdline = 'Not set' (Constants/Not set)
2023-11-23T15:43:26.501771+00:00 DEBUG 'ansible_navigator.main' Prior to rollback: collection_doc_cache_path = '/home/sysadmin/.cache/ansible-navigator/collection_doc_cache.db' (str/Defaults)
2023-11-23T15:43:26.501780+00:00 DEBUG 'ansible_navigator.main' Prior to rollback: config = 'Not set' (Constants/Not set)
2023-11-23T15:43:26.501788+00:00 DEBUG 'ansible_navigator.main' Prior to rollback: container_engine = 'podman' (str/Automatically determined)
2023-11-23T15:43:26.501797+00:00 DEBUG 'ansible_navigator.main' Prior to rollback: container_options = 'Not set' (Constants/Not set)
2023-11-23T15:43:26.501805+00:00 DEBUG 'ansible_navigator.main' Prior to rollback: display_color = 'True' (bool/Defaults)
2023-11-23T15:43:26.501814+00:00 DEBUG 'ansible_navigator.main' Prior to rollback: editor_command = 'vi +{line_number} {filename}' (str/Defaults)
2023-11-23T15:43:26.501822+00:00 DEBUG 'ansible_navigator.main' Prior to rollback: editor_console = 'True' (bool/Defaults)
2023-11-23T15:43:26.501831+00:00 DEBUG 'ansible_navigator.main' Prior to rollback: enable_prompts = 'False' (bool/Defaults)
2023-11-23T15:43:26.501839+00:00 DEBUG 'ansible_navigator.main' Prior to rollback: exec_command = '/bin/bash' (str/Defaults)
2023-11-23T15:43:26.501848+00:00 DEBUG 'ansible_navigator.main' Prior to rollback: exec_shell = 'True' (bool/Defaults)
2023-11-23T15:43:26.501857+00:00 DEBUG 'ansible_navigator.main' Prior to rollback: execution_environment = 'True' (bool/Defaults)
2023-11-23T15:43:26.501865+00:00 DEBUG 'ansible_navigator.main' Prior to rollback: execution_environment_image = 'aap-hub.baq.redhat.com/ee-supported-rhel8:latest' (str/Command line)
2023-11-23T15:43:26.501873+00:00 DEBUG 'ansible_navigator.main' Prior to rollback: execution_environment_volume_mounts = 'Not set' (Constants/Not set)
2023-11-23T15:43:26.501882+00:00 DEBUG 'ansible_navigator.main' Prior to rollback: format = 'yaml' (str/Defaults)
2023-11-23T15:43:26.501890+00:00 DEBUG 'ansible_navigator.main' Prior to rollback: help_builder = 'False' (bool/Defaults)
2023-11-23T15:43:26.501899+00:00 DEBUG 'ansible_navigator.main' Prior to rollback: help_config = 'False' (bool/Defaults)
2023-11-23T15:43:26.501907+00:00 DEBUG 'ansible_navigator.main' Prior to rollback: help_doc = 'False' (bool/Defaults)
2023-11-23T15:43:26.501916+00:00 DEBUG 'ansible_navigator.main' Prior to rollback: help_inventory = 'False' (bool/Defaults)
2023-11-23T15:43:26.501925+00:00 DEBUG 'ansible_navigator.main' Prior to rollback: help_playbook = 'False' (bool/Defaults)
2023-11-23T15:43:26.501933+00:00 DEBUG 'ansible_navigator.main' Prior to rollback: images_details = '['everything']' (list/Defaults)
2023-11-23T15:43:26.501942+00:00 DEBUG 'ansible_navigator.main' Prior to rollback: inventory = 'Not set' (Constants/Not set)
2023-11-23T15:43:26.501951+00:00 DEBUG 'ansible_navigator.main' Prior to rollback: inventory_column = 'Not set' (Constants/Not set)
2023-11-23T15:43:26.501959+00:00 DEBUG 'ansible_navigator.main' Prior to rollback: lint_config = 'Not set' (Constants/Not set)
2023-11-23T15:43:26.501968+00:00 DEBUG 'ansible_navigator.main' Prior to rollback: lintables = 'roles/satellite-server/tasks/main.yml' (str/Command line)
2023-11-23T15:43:26.501976+00:00 DEBUG 'ansible_navigator.main' Prior to rollback: log_append = 'True' (bool/Defaults)
2023-11-23T15:43:26.501985+00:00 DEBUG 'ansible_navigator.main' Prior to rollback: log_file = '/home/sysadmin/git-repos/satellite/roles/satellite-server/ansible-navigator.log' (str/Defaults)
2023-11-23T15:43:26.501994+00:00 DEBUG 'ansible_navigator.main' Prior to rollback: log_level = 'warning' (str/Defaults)
2023-11-23T15:43:26.502002+00:00 DEBUG 'ansible_navigator.main' Prior to rollback: mode = 'stdout' (str/Command line)
2023-11-23T15:43:26.502011+00:00 DEBUG 'ansible_navigator.main' Prior to rollback: osc4 = 'True' (bool/Defaults)
2023-11-23T15:43:26.502019+00:00 DEBUG 'ansible_navigator.main' Prior to rollback: pass_environment_variable = 'Not set' (Constants/Not set)
2023-11-23T15:43:26.502029+00:00 DEBUG 'ansible_navigator.main' Prior to rollback: playbook = 'Not set' (Constants/Not set)
2023-11-23T15:43:26.502038+00:00 DEBUG 'ansible_navigator.main' Prior to rollback: playbook_artifact_enable = 'True' (bool/Defaults)
2023-11-23T15:43:26.502046+00:00 DEBUG 'ansible_navigator.main' Prior to rollback: playbook_artifact_replay = 'Not set' (Constants/Not set)
2023-11-23T15:43:26.502055+00:00 DEBUG 'ansible_navigator.main' Prior to rollback: playbook_artifact_save_as = '{playbook_dir}/{playbook_name}-artifact-{time_stamp}.json' (str/Defaults)
2023-11-23T15:43:26.502063+00:00 DEBUG 'ansible_navigator.main' Prior to rollback: plugin_name = 'Not set' (Constants/Not set)
2023-11-23T15:43:26.502072+00:00 DEBUG 'ansible_navigator.main' Prior to rollback: plugin_type = 'module' (str/Defaults)
2023-11-23T15:43:26.502081+00:00 DEBUG 'ansible_navigator.main' Prior to rollback: pull_arguments = 'Not set' (Constants/Not set)
2023-11-23T15:43:26.502090+00:00 DEBUG 'ansible_navigator.main' Prior to rollback: pull_policy = 'tag' (str/Defaults)
2023-11-23T15:43:26.502098+00:00 DEBUG 'ansible_navigator.main' Prior to rollback: set_environment_variable = 'Not set' (Constants/Not set)
2023-11-23T15:43:26.502106+00:00 DEBUG 'ansible_navigator.main' Prior to rollback: settings_effective = 'False' (bool/Defaults)
2023-11-23T15:43:26.502115+00:00 DEBUG 'ansible_navigator.main' Prior to rollback: settings_sample = 'False' (bool/Defaults)
2023-11-23T15:43:26.502123+00:00 DEBUG 'ansible_navigator.main' Prior to rollback: settings_schema = 'json' (str/Defaults)
2023-11-23T15:43:26.502132+00:00 DEBUG 'ansible_navigator.main' Prior to rollback: settings_sources = 'False' (bool/Defaults)
2023-11-23T15:43:26.502140+00:00 DEBUG 'ansible_navigator.main' Prior to rollback: time_zone = 'UTC' (str/Defaults)
2023-11-23T15:43:26.502149+00:00 DEBUG 'ansible_navigator.main' Prior to rollback: workdir = '/home/sysadmin/git-repos/satellite/roles/satellite-server' (str/Defaults)
2023-11-23T15:43:26.502157+00:00 DEBUG 'ansible_navigator.main' After rollback: ansible_runner_artifact_dir = 'Not set' (Constants/Not set)
2023-11-23T15:43:26.502166+00:00 DEBUG 'ansible_navigator.main' After rollback: ansible_runner_rotate_artifacts_count = 'Not set' (Constants/Not set)
2023-11-23T15:43:26.502174+00:00 DEBUG 'ansible_navigator.main' After rollback: ansible_runner_timeout = 'Not set' (Constants/Not set)
2023-11-23T15:43:26.502183+00:00 DEBUG 'ansible_navigator.main' After rollback: ansible_runner_write_job_events = 'Not set' (Constants/Not set)
2023-11-23T15:43:26.502191+00:00 DEBUG 'ansible_navigator.main' After rollback: app = 'Not set' (Constants/Not set)
2023-11-23T15:43:26.502200+00:00 DEBUG 'ansible_navigator.main' After rollback: cmdline = 'Not set' (Constants/Not set)
2023-11-23T15:43:26.502208+00:00 DEBUG 'ansible_navigator.main' After rollback: collection_doc_cache_path = 'Not set' (Constants/Not set)
2023-11-23T15:43:26.502217+00:00 DEBUG 'ansible_navigator.main' After rollback: config = 'Not set' (Constants/Not set)
2023-11-23T15:43:26.502226+00:00 DEBUG 'ansible_navigator.main' After rollback: container_engine = 'Not set' (Constants/Not set)
2023-11-23T15:43:26.502234+00:00 DEBUG 'ansible_navigator.main' After rollback: container_options = 'Not set' (Constants/Not set)
2023-11-23T15:43:26.502243+00:00 DEBUG 'ansible_navigator.main' After rollback: display_color = 'Not set' (Constants/Not set)
2023-11-23T15:43:26.502252+00:00 DEBUG 'ansible_navigator.main' After rollback: editor_command = 'Not set' (Constants/Not set)
2023-11-23T15:43:26.502260+00:00 DEBUG 'ansible_navigator.main' After rollback: editor_console = 'Not set' (Constants/Not set)
2023-11-23T15:43:26.502269+00:00 DEBUG 'ansible_navigator.main' After rollback: enable_prompts = 'Not set' (Constants/Not set)
2023-11-23T15:43:26.502277+00:00 DEBUG 'ansible_navigator.main' After rollback: exec_command = 'Not set' (Constants/Not set)
2023-11-23T15:43:26.502285+00:00 DEBUG 'ansible_navigator.main' After rollback: exec_shell = 'Not set' (Constants/Not set)
2023-11-23T15:43:26.502295+00:00 DEBUG 'ansible_navigator.main' After rollback: execution_environment = 'Not set' (Constants/Not set)
2023-11-23T15:43:26.502304+00:00 DEBUG 'ansible_navigator.main' After rollback: execution_environment_image = 'Not set' (Constants/Not set)
2023-11-23T15:43:26.502313+00:00 DEBUG 'ansible_navigator.main' After rollback: execution_environment_volume_mounts = 'Not set' (Constants/Not set)
2023-11-23T15:43:26.502323+00:00 DEBUG 'ansible_navigator.main' After rollback: format = 'Not set' (Constants/Not set)
2023-11-23T15:43:26.502333+00:00 DEBUG 'ansible_navigator.main' After rollback: help_builder = 'Not set' (Constants/Not set)
2023-11-23T15:43:26.502342+00:00 DEBUG 'ansible_navigator.main' After rollback: help_config = 'Not set' (Constants/Not set)
2023-11-23T15:43:26.502352+00:00 DEBUG 'ansible_navigator.main' After rollback: help_doc = 'Not set' (Constants/Not set)
2023-11-23T15:43:26.502361+00:00 DEBUG 'ansible_navigator.main' After rollback: help_inventory = 'Not set' (Constants/Not set)
2023-11-23T15:43:26.502370+00:00 DEBUG 'ansible_navigator.main' After rollback: help_playbook = 'Not set' (Constants/Not set)
2023-11-23T15:43:26.502380+00:00 DEBUG 'ansible_navigator.main' After rollback: images_details = 'Not set' (Constants/Not set)
2023-11-23T15:43:26.502390+00:00 DEBUG 'ansible_navigator.main' After rollback: inventory = 'Not set' (Constants/Not set)
2023-11-23T15:43:26.502399+00:00 DEBUG 'ansible_navigator.main' After rollback: inventory_column = 'Not set' (Constants/Not set)
2023-11-23T15:43:26.502409+00:00 DEBUG 'ansible_navigator.main' After rollback: lint_config = 'Not set' (Constants/Not set)
2023-11-23T15:43:26.502418+00:00 DEBUG 'ansible_navigator.main' After rollback: lintables = 'Not set' (Constants/Not set)
2023-11-23T15:43:26.502427+00:00 DEBUG 'ansible_navigator.main' After rollback: log_append = 'Not set' (Constants/Not set)
2023-11-23T15:43:26.502445+00:00 DEBUG 'ansible_navigator.main' After rollback: log_file = 'Not set' (Constants/Not set)
2023-11-23T15:43:26.502456+00:00 DEBUG 'ansible_navigator.main' After rollback: log_level = 'Not set' (Constants/Not set)
2023-11-23T15:43:26.502469+00:00 DEBUG 'ansible_navigator.main' After rollback: mode = 'Not set' (Constants/Not set)
2023-11-23T15:43:26.502478+00:00 DEBUG 'ansible_navigator.main' After rollback: osc4 = 'Not set' (Constants/Not set)
2023-11-23T15:43:26.502486+00:00 DEBUG 'ansible_navigator.main' After rollback: pass_environment_variable = 'Not set' (Constants/Not set)
2023-11-23T15:43:26.502495+00:00 DEBUG 'ansible_navigator.main' After rollback: playbook = 'Not set' (Constants/Not set)
2023-11-23T15:43:26.502503+00:00 DEBUG 'ansible_navigator.main' After rollback: playbook_artifact_enable = 'Not set' (Constants/Not set)
2023-11-23T15:43:26.502512+00:00 DEBUG 'ansible_navigator.main' After rollback: playbook_artifact_replay = 'Not set' (Constants/Not set)
2023-11-23T15:43:26.502520+00:00 DEBUG 'ansible_navigator.main' After rollback: playbook_artifact_save_as = 'Not set' (Constants/Not set)
2023-11-23T15:43:26.502529+00:00 DEBUG 'ansible_navigator.main' After rollback: plugin_name = 'Not set' (Constants/Not set)
2023-11-23T15:43:26.502537+00:00 DEBUG 'ansible_navigator.main' After rollback: plugin_type = 'Not set' (Constants/Not set)
2023-11-23T15:43:26.502546+00:00 DEBUG 'ansible_navigator.main' After rollback: pull_arguments = 'Not set' (Constants/Not set)
2023-11-23T15:43:26.502555+00:00 DEBUG 'ansible_navigator.main' After rollback: pull_policy = 'Not set' (Constants/Not set)
2023-11-23T15:43:26.502563+00:00 DEBUG 'ansible_navigator.main' After rollback: set_environment_variable = 'Not set' (Constants/Not set)
2023-11-23T15:43:26.502572+00:00 DEBUG 'ansible_navigator.main' After rollback: settings_effective = 'Not set' (Constants/Not set)
2023-11-23T15:43:26.502580+00:00 DEBUG 'ansible_navigator.main' After rollback: settings_sample = 'Not set' (Constants/Not set)
2023-11-23T15:43:26.502589+00:00 DEBUG 'ansible_navigator.main' After rollback: settings_schema = 'Not set' (Constants/Not set)
2023-11-23T15:43:26.502599+00:00 DEBUG 'ansible_navigator.main' After rollback: settings_sources = 'Not set' (Constants/Not set)
2023-11-23T15:43:26.502607+00:00 DEBUG 'ansible_navigator.main' After rollback: time_zone = 'Not set' (Constants/Not set)
2023-11-23T15:43:26.502616+00:00 DEBUG 'ansible_navigator.main' After rollback: workdir = 'Not set' (Constants/Not set)
2023-11-23T15:43:26.502632+00:00 DEBUG 'ansible_navigator.main' Configuration rollback complete.
2023-11-23T15:43:26.502641+00:00 DEBUG 'ansible_navigator.main' Collection doc cache not mounted
2023-11-23T15:43:26.502657+00:00 WARNING 'ansible_navigator.main' Issues were found while applying the settings.
2023-11-23T15:43:26.502669+00:00 INFO 'ansible_navigator.main' Command provided: 'lint roles/satellite-server/tasks/main.yml --eei aap-hub.baq.redhat.com/ee-supported-rhel8 -m stdout'
2023-11-23T15:43:26.502681+00:00 ERROR 'ansible_navigator.main' Error mounting lintable into execution environment: Source: '/home/sysadmin/git-repos/satellite/roles/satellite-server/roles/satellite-server/tasks/main.yml' does not exist.
2023-11-23T15:43:26.502691+00:00 INFO 'ansible_navigator.main' Configuration failed, using default log file location. (/home/sysadmin/git-repos/satellite/roles/satellite-server/ansible-navigator.log) Log level set to debug
2023-11-23T15:43:26.502702+00:00 INFO 'ansible_navigator.main' Review the hints and log file to see what went wrong.
